#dummy
25-06-2022 12:24:10 | main |  INFO: name : StocksV2 size : 384x150 px
25-06-2022 12:24:10 | main |  INFO: name : StocksV2 size : 384x150 px
25-06-2022 12:24:10 | main |  INFO: name : StocksV2 size : 384x150 px
25-06-2022 12:24:10 | main |  INFO: name : StocksV2 size : 384x150 px
25-06-2022 12:24:10 | inkycal.modules.inkycal_stocks_v2 |  INFO: image size: 364 x 150 px
25-06-2022 12:24:10 | inkycal.modules.inkycal_stocks_v2 |  INFO: Connection test passed
25-06-2022 12:24:10 | inkycal.modules.inkycal_stocks_v2 |  INFO: preparing data for FXAIX...
25-06-2022 12:24:14 | inkycal.modules.inkycal_stocks_v2 |  INFO: fetched 30 datapoints ...
25-06-2022 12:24:14 | inkycal.modules.inkycal_stocks_v2 |  INFO: firstQuote 136.6199951171875 ...
25-06-2022 12:24:14 | inkycal.modules.inkycal_stocks_v2 |  INFO: high 145.38999938964844 low 127.7300033569336 ...
25-06-2022 12:24:14 | inkycal.modules.inkycal_stocks_v2 |  INFO: FXAIX ($)
25-06-2022 12:24:14 | inkycal.modules.inkycal_stocks_v2 |  INFO: 136.28 +4.04 +3.06%
25-06-2022 12:24:14 | inkycal.modules.inkycal_stocks_v2 |  INFO: 1d OHL: 136.28/136.28/136.28
25-06-2022 12:24:14 | inkycal.modules.inkycal_stocks_v2 |  INFO: 30d OHL: 136.62/145.39/127.73
25-06-2022 12:24:14 | inkycal.modules.inkycal_stocks_v2 |  INFO: creating chart data...
25-06-2022 12:24:14 | inkycal.modules.inkycal_stocks_v2 |  INFO: creating chart plot...
25-06-2022 12:24:14 | inkycal.modules.inkycal_stocks_v2 |  INFO: saving chart image to /tmp/inkycal_stocks/FXAIX.png...
25-06-2022 12:24:14 | inkycal.modules.inkycal_stocks_v2 |  INFO: chartSpace is...364 150
25-06-2022 12:24:14 | inkycal.modules.inkycal_stocks_v2 |  INFO: open chart .../tmp/inkycal_stocks/FXAIX.png
25-06-2022 12:24:14 | inkycal.modules.inkycal_stocks_v2 |  INFO: pasting chart image with index 0 to...0 0
25-06-2022 12:24:14 | inkycal.modules.inkycal_stocks_v2 |  INFO: image size: 364 x 150 px
25-06-2022 12:24:14 | inkycal.modules.inkycal_stocks_v2 |  INFO: Connection test passed
25-06-2022 12:24:14 | inkycal.modules.inkycal_stocks_v2 |  INFO: preparing data for FSKAX...
25-06-2022 12:24:18 | inkycal.modules.inkycal_stocks_v2 |  INFO: fetched 30 datapoints ...
25-06-2022 12:24:18 | inkycal.modules.inkycal_stocks_v2 |  INFO: firstQuote 108.7300033569336 ...
25-06-2022 12:24:18 | inkycal.modules.inkycal_stocks_v2 |  INFO: high 116.22000122070312 low 101.69000244140625 ...
25-06-2022 12:24:18 | inkycal.modules.inkycal_stocks_v2 |  INFO: FSKAX ($)
25-06-2022 12:24:18 | inkycal.modules.inkycal_stocks_v2 |  INFO: 108.78 +3.29 +3.12%
25-06-2022 12:24:18 | inkycal.modules.inkycal_stocks_v2 |  INFO: 1d OHL: 108.78/108.78/108.78
25-06-2022 12:24:18 | inkycal.modules.inkycal_stocks_v2 |  INFO: 30d OHL: 108.73/116.22/101.69
25-06-2022 12:24:18 | inkycal.modules.inkycal_stocks_v2 |  INFO: creating chart data...
25-06-2022 12:24:18 | inkycal.modules.inkycal_stocks_v2 |  INFO: creating chart plot...
25-06-2022 12:24:18 | inkycal.modules.inkycal_stocks_v2 |  INFO: saving chart image to /tmp/inkycal_stocks/FSKAX.png...
25-06-2022 12:24:18 | inkycal.modules.inkycal_stocks_v2 |  INFO: chartSpace is...364 150
25-06-2022 12:24:18 | inkycal.modules.inkycal_stocks_v2 |  INFO: open chart .../tmp/inkycal_stocks/FSKAX.png
25-06-2022 12:24:18 | inkycal.modules.inkycal_stocks_v2 |  INFO: pasting chart image with index 0 to...0 0
25-06-2022 12:24:18 | inkycal.modules.inkycal_stocks_v2 |  INFO: image size: 364 x 150 px
25-06-2022 12:24:18 | inkycal.modules.inkycal_stocks_v2 |  INFO: Connection test passed
25-06-2022 12:24:18 | inkycal.modules.inkycal_stocks_v2 |  INFO: preparing data for AMZN...
25-06-2022 12:24:21 | inkycal.modules.inkycal_stocks_v2 |  INFO: fetched 30 datapoints ...
25-06-2022 12:24:22 | inkycal.modules.inkycal_stocks_v2 |  INFO: firstQuote 106.93049621582031 ...
25-06-2022 12:24:22 | inkycal.modules.inkycal_stocks_v2 |  INFO: high 128.99000549316406 low 101.26000213623047 ...
25-06-2022 12:24:22 | inkycal.modules.inkycal_stocks_v2 |  INFO: AMZN ($)
25-06-2022 12:24:22 | inkycal.modules.inkycal_stocks_v2 |  INFO: 116.46 +4.02 +3.58%
25-06-2022 12:24:22 | inkycal.modules.inkycal_stocks_v2 |  INFO: 1d OHL: 112.38/116.71/111.43
25-06-2022 12:24:22 | inkycal.modules.inkycal_stocks_v2 |  INFO: 30d OHL: 106.93/128.99/101.26
25-06-2022 12:24:22 | inkycal.modules.inkycal_stocks_v2 |  INFO: creating chart data...
25-06-2022 12:24:22 | inkycal.modules.inkycal_stocks_v2 |  INFO: creating chart plot...
25-06-2022 12:24:22 | inkycal.modules.inkycal_stocks_v2 |  INFO: saving chart image to /tmp/inkycal_stocks/AMZN.png...
25-06-2022 12:24:22 | inkycal.modules.inkycal_stocks_v2 |  INFO: chartSpace is...364 150
25-06-2022 12:24:22 | inkycal.modules.inkycal_stocks_v2 |  INFO: open chart .../tmp/inkycal_stocks/AMZN.png
25-06-2022 12:24:22 | inkycal.modules.inkycal_stocks_v2 |  INFO: pasting chart image with index 0 to...0 0
25-06-2022 12:24:22 | inkycal.modules.inkycal_stocks_v2 |  INFO: image size: 364 x 150 px
25-06-2022 12:24:22 | inkycal.modules.inkycal_stocks_v2 |  INFO: Connection test passed
25-06-2022 12:24:22 | inkycal.modules.inkycal_stocks_v2 |  INFO: preparing data for FB...
25-06-2022 12:24:26 | inkycal.modules.inkycal_stocks_v2 |  INFO: fetched 30 datapoints ...
25-06-2022 12:24:26 | inkycal.modules.inkycal_stocks_v2 |  INFO: firstQuote 191.24000549316406 ...
25-06-2022 12:24:26 | inkycal.modules.inkycal_stocks_v2 |  INFO: high 205.4600067138672 low 154.25 ...
25-06-2022 12:24:26 | inkycal.modules.inkycal_stocks_v2 |  INFO: META ($)
25-06-2022 12:24:26 | inkycal.modules.inkycal_stocks_v2 |  INFO: 170.16 +11.41 +7.19%
25-06-2022 12:24:26 | inkycal.modules.inkycal_stocks_v2 |  INFO: 1d OHL: 161.73/170.25/161.30
25-06-2022 12:24:26 | inkycal.modules.inkycal_stocks_v2 |  INFO: 30d OHL: 191.24/205.46/154.25
25-06-2022 12:24:26 | inkycal.modules.inkycal_stocks_v2 |  INFO: creating chart data...
25-06-2022 12:24:26 | inkycal.modules.inkycal_stocks_v2 |  INFO: creating chart plot...
25-06-2022 12:24:26 | inkycal.modules.inkycal_stocks_v2 |  INFO: saving chart image to /tmp/inkycal_stocks/FB.png...
25-06-2022 12:24:26 | inkycal.modules.inkycal_stocks_v2 |  INFO: chartSpace is...364 150
25-06-2022 12:24:26 | inkycal.modules.inkycal_stocks_v2 |  INFO: open chart .../tmp/inkycal_stocks/FB.png
25-06-2022 12:24:26 | inkycal.modules.inkycal_stocks_v2 |  INFO: pasting chart image with index 0 to...0 0
25-06-2022 12:25:05 | main |  INFO: name : StocksV2 size : 384x150 px
25-06-2022 12:25:05 | main |  INFO: name : StocksV2 size : 384x150 px
25-06-2022 12:25:05 | main |  INFO: name : StocksV2 size : 384x150 px
25-06-2022 12:25:05 | main |  INFO: name : StocksV2 size : 384x150 px
25-06-2022 12:25:05 | inkycal.modules.inkycal_stocks_v2 |  INFO: image size: 364 x 150 px
25-06-2022 12:25:06 | inkycal.modules.inkycal_stocks_v2 |  INFO: Connection test passed
25-06-2022 12:25:06 | inkycal.modules.inkycal_stocks_v2 |  INFO: preparing data for FXAIX...
25-06-2022 12:25:09 | inkycal.modules.inkycal_stocks_v2 |  INFO: fetched 30 datapoints ...
25-06-2022 12:25:09 | inkycal.modules.inkycal_stocks_v2 |  INFO: firstQuote 136.6199951171875 ...
25-06-2022 12:25:09 | inkycal.modules.inkycal_stocks_v2 |  INFO: high 145.38999938964844 low 127.7300033569336 ...
25-06-2022 12:25:09 | inkycal.modules.inkycal_stocks_v2 |  INFO: FXAIX ($)
25-06-2022 12:25:09 | inkycal.modules.inkycal_stocks_v2 |  INFO: 136.28 +4.04 +3.06%
25-06-2022 12:25:09 | inkycal.modules.inkycal_stocks_v2 |  INFO: 1d OHL: 136.28/136.28/136.28
25-06-2022 12:25:09 | inkycal.modules.inkycal_stocks_v2 |  INFO: 30d OHL: 136.62/145.39/127.73
25-06-2022 12:25:09 | inkycal.modules.inkycal_stocks_v2 |  INFO: creating chart data...
25-06-2022 12:25:09 | inkycal.modules.inkycal_stocks_v2 |  INFO: creating chart plot...
25-06-2022 12:25:09 | inkycal.modules.inkycal_stocks_v2 |  INFO: saving chart image to /tmp/inkycal_stocks/FXAIX.png...
25-06-2022 12:25:09 | inkycal.modules.inkycal_stocks_v2 |  INFO: chartSpace is...364 150
25-06-2022 12:25:09 | inkycal.modules.inkycal_stocks_v2 |  INFO: open chart .../tmp/inkycal_stocks/FXAIX.png
25-06-2022 12:25:09 | inkycal.modules.inkycal_stocks_v2 |  INFO: pasting chart image with index 0 to...0 0
25-06-2022 12:25:09 | inkycal.modules.inkycal_stocks_v2 |  INFO: image size: 364 x 150 px
25-06-2022 12:25:09 | inkycal.modules.inkycal_stocks_v2 |  INFO: Connection test passed
25-06-2022 12:25:09 | inkycal.modules.inkycal_stocks_v2 |  INFO: preparing data for FSKAX...
25-06-2022 12:25:13 | inkycal.modules.inkycal_stocks_v2 |  INFO: fetched 30 datapoints ...
25-06-2022 12:25:13 | inkycal.modules.inkycal_stocks_v2 |  INFO: firstQuote 108.7300033569336 ...
25-06-2022 12:25:13 | inkycal.modules.inkycal_stocks_v2 |  INFO: high 116.22000122070312 low 101.69000244140625 ...
25-06-2022 12:25:13 | inkycal.modules.inkycal_stocks_v2 |  INFO: FSKAX ($)
25-06-2022 12:25:13 | inkycal.modules.inkycal_stocks_v2 |  INFO: 108.78 +3.29 +3.12%
25-06-2022 12:25:13 | inkycal.modules.inkycal_stocks_v2 |  INFO: 1d OHL: 108.78/108.78/108.78
25-06-2022 12:25:13 | inkycal.modules.inkycal_stocks_v2 |  INFO: 30d OHL: 108.73/116.22/101.69
25-06-2022 12:25:13 | inkycal.modules.inkycal_stocks_v2 |  INFO: creating chart data...
25-06-2022 12:25:13 | inkycal.modules.inkycal_stocks_v2 |  INFO: creating chart plot...
25-06-2022 12:25:13 | inkycal.modules.inkycal_stocks_v2 |  INFO: saving chart image to /tmp/inkycal_stocks/FSKAX.png...
25-06-2022 12:25:13 | inkycal.modules.inkycal_stocks_v2 |  INFO: chartSpace is...364 150
25-06-2022 12:25:13 | inkycal.modules.inkycal_stocks_v2 |  INFO: open chart .../tmp/inkycal_stocks/FSKAX.png
25-06-2022 12:25:13 | inkycal.modules.inkycal_stocks_v2 |  INFO: pasting chart image with index 0 to...0 0
25-06-2022 12:25:13 | inkycal.modules.inkycal_stocks_v2 |  INFO: image size: 364 x 150 px
25-06-2022 12:25:13 | inkycal.modules.inkycal_stocks_v2 |  INFO: Connection test passed
25-06-2022 12:25:13 | inkycal.modules.inkycal_stocks_v2 |  INFO: preparing data for AMZN...
25-06-2022 12:25:16 | inkycal.modules.inkycal_stocks_v2 |  INFO: fetched 30 datapoints ...
25-06-2022 12:25:16 | inkycal.modules.inkycal_stocks_v2 |  INFO: firstQuote 106.93049621582031 ...
25-06-2022 12:25:16 | inkycal.modules.inkycal_stocks_v2 |  INFO: high 128.99000549316406 low 101.26000213623047 ...
25-06-2022 12:25:16 | inkycal.modules.inkycal_stocks_v2 |  INFO: AMZN ($)
25-06-2022 12:25:16 | inkycal.modules.inkycal_stocks_v2 |  INFO: 116.46 +4.02 +3.58%
25-06-2022 12:25:16 | inkycal.modules.inkycal_stocks_v2 |  INFO: 1d OHL: 112.38/116.71/111.43
25-06-2022 12:25:16 | inkycal.modules.inkycal_stocks_v2 |  INFO: 30d OHL: 106.93/128.99/101.26
25-06-2022 12:25:16 | inkycal.modules.inkycal_stocks_v2 |  INFO: creating chart data...
25-06-2022 12:25:16 | inkycal.modules.inkycal_stocks_v2 |  INFO: creating chart plot...
25-06-2022 12:25:16 | inkycal.modules.inkycal_stocks_v2 |  INFO: saving chart image to /tmp/inkycal_stocks/AMZN.png...
25-06-2022 12:25:16 | inkycal.modules.inkycal_stocks_v2 |  INFO: chartSpace is...364 150
25-06-2022 12:25:16 | inkycal.modules.inkycal_stocks_v2 |  INFO: open chart .../tmp/inkycal_stocks/AMZN.png
25-06-2022 12:25:16 | inkycal.modules.inkycal_stocks_v2 |  INFO: pasting chart image with index 0 to...0 0
25-06-2022 12:25:16 | inkycal.modules.inkycal_stocks_v2 |  INFO: image size: 364 x 150 px
25-06-2022 12:25:16 | inkycal.modules.inkycal_stocks_v2 |  INFO: Connection test passed
25-06-2022 12:25:16 | inkycal.modules.inkycal_stocks_v2 |  INFO: preparing data for FB...
25-06-2022 12:25:20 | inkycal.modules.inkycal_stocks_v2 |  INFO: fetched 30 datapoints ...
25-06-2022 12:25:20 | inkycal.modules.inkycal_stocks_v2 |  INFO: firstQuote 191.24000549316406 ...
25-06-2022 12:25:20 | inkycal.modules.inkycal_stocks_v2 |  INFO: high 205.4600067138672 low 154.25 ...
25-06-2022 12:25:20 | inkycal.modules.inkycal_stocks_v2 |  INFO: META ($)
25-06-2022 12:25:20 | inkycal.modules.inkycal_stocks_v2 |  INFO: 170.16 +11.41 +7.19%
25-06-2022 12:25:20 | inkycal.modules.inkycal_stocks_v2 |  INFO: 1d OHL: 161.73/170.25/161.30
25-06-2022 12:25:20 | inkycal.modules.inkycal_stocks_v2 |  INFO: 30d OHL: 191.24/205.46/154.25
25-06-2022 12:25:20 | inkycal.modules.inkycal_stocks_v2 |  INFO: creating chart data...
25-06-2022 12:25:20 | inkycal.modules.inkycal_stocks_v2 |  INFO: creating chart plot...
25-06-2022 12:25:20 | inkycal.modules.inkycal_stocks_v2 |  INFO: saving chart image to /tmp/inkycal_stocks/FB.png...
25-06-2022 12:25:20 | inkycal.modules.inkycal_stocks_v2 |  INFO: chartSpace is...364 150
25-06-2022 12:25:20 | inkycal.modules.inkycal_stocks_v2 |  INFO: open chart .../tmp/inkycal_stocks/FB.png
25-06-2022 12:25:20 | inkycal.modules.inkycal_stocks_v2 |  INFO: pasting chart image with index 0 to...0 0
25-06-2022 12:25:38 | __main__ |  INFO: ####  START ####
25-06-2022 12:25:38 | inkycal.modules.inkycal_stocks_v2 |  INFO: image size: 364 x 100 px
25-06-2022 12:25:38 | inkycal.modules.inkycal_stocks_v2 |  INFO: Connection test passed
25-06-2022 12:25:38 | inkycal.modules.inkycal_stocks_v2 |  INFO: preparing data for FB...
25-06-2022 12:25:42 | inkycal.modules.inkycal_stocks_v2 |  INFO: fetched 30 datapoints ...
25-06-2022 12:25:42 | inkycal.modules.inkycal_stocks_v2 |  INFO: firstQuote 191.24000549316406 ...
25-06-2022 12:25:42 | inkycal.modules.inkycal_stocks_v2 |  INFO: high 205.4600067138672 low 154.25 ...
25-06-2022 12:25:42 | inkycal.modules.inkycal_stocks_v2 |  INFO: META ($)
25-06-2022 12:25:42 | inkycal.modules.inkycal_stocks_v2 |  INFO: 170.16 +11.41 +7.19%
25-06-2022 12:25:42 | inkycal.modules.inkycal_stocks_v2 |  INFO: 1d OHL: 161.73/170.25/161.30
25-06-2022 12:25:42 | inkycal.modules.inkycal_stocks_v2 |  INFO: 30d OHL: 191.24/205.46/154.25
25-06-2022 12:25:42 | inkycal.modules.inkycal_stocks_v2 |  INFO: creating chart data...
25-06-2022 12:25:42 | inkycal.modules.inkycal_stocks_v2 |  INFO: creating chart plot...
25-06-2022 12:25:42 | inkycal.modules.inkycal_stocks_v2 |  INFO: saving chart image to /tmp/inkycal_stocks/FB.png...
25-06-2022 12:25:42 | inkycal.modules.inkycal_stocks_v2 |  INFO: chartSpace is...364 100
25-06-2022 12:25:42 | inkycal.modules.inkycal_stocks_v2 |  INFO: open chart .../tmp/inkycal_stocks/FB.png
25-06-2022 12:25:42 | inkycal.modules.inkycal_stocks_v2 |  INFO: pasting chart image with index 0 to...0 0
25-06-2022 12:25:42 | inkycal.modules.inkycal_stocks_v2 |  ERROR: Ran out of lines for parsed_ticker_colour
25-06-2022 12:25:42 | __main__ |  INFO: #### SCRIPT END ####
25-06-2022 12:25:48 | __main__ |  INFO: ####  START ####
25-06-2022 12:25:48 | inkycal.modules.inkycal_stocks_v2 |  INFO: image size: 364 x 100 px
25-06-2022 12:25:48 | inkycal.modules.inkycal_stocks_v2 |  INFO: Connection test passed
25-06-2022 12:25:48 | inkycal.modules.inkycal_stocks_v2 |  INFO: preparing data for FB...
25-06-2022 12:25:52 | inkycal.modules.inkycal_stocks_v2 |  INFO: fetched 30 datapoints ...
25-06-2022 12:25:52 | inkycal.modules.inkycal_stocks_v2 |  INFO: firstQuote 191.24000549316406 ...
25-06-2022 12:25:52 | inkycal.modules.inkycal_stocks_v2 |  INFO: high 205.4600067138672 low 154.25 ...
25-06-2022 12:25:52 | inkycal.modules.inkycal_stocks_v2 |  INFO: META ($)
25-06-2022 12:25:52 | inkycal.modules.inkycal_stocks_v2 |  INFO: 170.16 +11.41 +7.19%
25-06-2022 12:25:52 | inkycal.modules.inkycal_stocks_v2 |  INFO: 1d OHL: 161.73/170.25/161.30
25-06-2022 12:25:52 | inkycal.modules.inkycal_stocks_v2 |  INFO: 30d OHL: 191.24/205.46/154.25
25-06-2022 12:25:52 | inkycal.modules.inkycal_stocks_v2 |  INFO: creating chart data...
25-06-2022 12:25:52 | inkycal.modules.inkycal_stocks_v2 |  INFO: creating chart plot...
25-06-2022 12:25:52 | inkycal.modules.inkycal_stocks_v2 |  INFO: saving chart image to /tmp/inkycal_stocks/FB.png...
25-06-2022 12:25:52 | inkycal.modules.inkycal_stocks_v2 |  INFO: chartSpace is...364 100
25-06-2022 12:25:52 | inkycal.modules.inkycal_stocks_v2 |  INFO: open chart .../tmp/inkycal_stocks/FB.png
25-06-2022 12:25:52 | inkycal.modules.inkycal_stocks_v2 |  INFO: pasting chart image with index 0 to...0 0
25-06-2022 12:25:52 | __main__ |  INFO: #### SCRIPT END ####
25-06-2022 12:26:33 | __main__ |  INFO: ####  START ####
25-06-2022 12:26:33 | inkycal.modules.inkycal_stocks_v2 |  INFO: image size: 364 x 100 px
25-06-2022 12:26:34 | inkycal.modules.inkycal_stocks_v2 |  INFO: Connection test passed
25-06-2022 12:26:34 | inkycal.modules.inkycal_stocks_v2 |  INFO: preparing data for FB...
25-06-2022 12:26:37 | inkycal.modules.inkycal_stocks_v2 |  INFO: fetched 30 datapoints ...
25-06-2022 12:26:37 | inkycal.modules.inkycal_stocks_v2 |  INFO: firstQuote 191.24000549316406 ...
25-06-2022 12:26:37 | inkycal.modules.inkycal_stocks_v2 |  INFO: high 205.4600067138672 low 154.25 ...
25-06-2022 12:26:37 | inkycal.modules.inkycal_stocks_v2 |  INFO: META ($)
25-06-2022 12:26:37 | inkycal.modules.inkycal_stocks_v2 |  INFO: 170.16 +11.41 +7.19%
25-06-2022 12:26:37 | inkycal.modules.inkycal_stocks_v2 |  INFO: 1d OHL: 161.73/170.25/161.30
25-06-2022 12:26:37 | inkycal.modules.inkycal_stocks_v2 |  INFO: 30d OHL: 191.24/205.46/154.25
25-06-2022 12:26:37 | inkycal.modules.inkycal_stocks_v2 |  INFO: creating chart data...
25-06-2022 12:26:37 | inkycal.modules.inkycal_stocks_v2 |  INFO: creating chart plot...
25-06-2022 12:26:37 | inkycal.modules.inkycal_stocks_v2 |  INFO: saving chart image to /tmp/inkycal_stocks/FB.png...
25-06-2022 12:26:37 | inkycal.modules.inkycal_stocks_v2 |  INFO: chartSpace is...364 100
25-06-2022 12:26:37 | inkycal.modules.inkycal_stocks_v2 |  INFO: open chart .../tmp/inkycal_stocks/FB.png
25-06-2022 12:26:37 | inkycal.modules.inkycal_stocks_v2 |  INFO: pasting chart image with index 0 to...0 0
25-06-2022 12:26:37 | __main__ |  INFO: #### SCRIPT END ####
25-06-2022 12:27:05 | __main__ |  INFO: ####  START ####
25-06-2022 12:27:05 | inkycal.modules.inkycal_stocks_v2 |  INFO: image size: 364 x 100 px
25-06-2022 12:27:05 | inkycal.modules.inkycal_stocks_v2 |  INFO: Connection test passed
25-06-2022 12:27:05 | inkycal.modules.inkycal_stocks_v2 |  INFO: preparing data for FB...
25-06-2022 12:27:09 | inkycal.modules.inkycal_stocks_v2 |  INFO: fetched 30 datapoints ...
25-06-2022 12:27:09 | inkycal.modules.inkycal_stocks_v2 |  INFO: firstQuote 191.24000549316406 ...
25-06-2022 12:27:09 | inkycal.modules.inkycal_stocks_v2 |  INFO: high 205.4600067138672 low 154.25 ...
25-06-2022 12:27:09 | inkycal.modules.inkycal_stocks_v2 |  INFO: META ($)
25-06-2022 12:27:09 | inkycal.modules.inkycal_stocks_v2 |  INFO: 170.16 +11.41 +7.19%
25-06-2022 12:27:09 | inkycal.modules.inkycal_stocks_v2 |  INFO: 1d OHL: 161.73/170.25/161.30
25-06-2022 12:27:09 | inkycal.modules.inkycal_stocks_v2 |  INFO: 30d OHL: 191.24/205.46/154.25
25-06-2022 12:27:09 | inkycal.modules.inkycal_stocks_v2 |  INFO: creating chart data...
25-06-2022 12:27:09 | inkycal.modules.inkycal_stocks_v2 |  INFO: creating chart plot...
25-06-2022 12:27:09 | inkycal.modules.inkycal_stocks_v2 |  INFO: saving chart image to /tmp/inkycal_stocks/FB.png...
25-06-2022 12:27:09 | inkycal.modules.inkycal_stocks_v2 |  INFO: chartSpace is...364 100
25-06-2022 12:27:09 | inkycal.modules.inkycal_stocks_v2 |  INFO: open chart .../tmp/inkycal_stocks/FB.png
25-06-2022 12:27:09 | inkycal.modules.inkycal_stocks_v2 |  INFO: pasting chart image with index 0 to...231 0
25-06-2022 12:27:09 | __main__ |  INFO: #### SCRIPT END ####
25-06-2022 12:27:16 | __main__ |  INFO: ####  START ####
25-06-2022 12:27:16 | inkycal.modules.inkycal_stocks_v2 |  INFO: image size: 364 x 100 px
25-06-2022 12:27:16 | inkycal.modules.inkycal_stocks_v2 |  INFO: Connection test passed
25-06-2022 12:27:16 | inkycal.modules.inkycal_stocks_v2 |  INFO: preparing data for FB...
25-06-2022 12:27:20 | inkycal.modules.inkycal_stocks_v2 |  INFO: fetched 30 datapoints ...
25-06-2022 12:27:20 | inkycal.modules.inkycal_stocks_v2 |  INFO: firstQuote 191.24000549316406 ...
25-06-2022 12:27:20 | inkycal.modules.inkycal_stocks_v2 |  INFO: high 205.4600067138672 low 154.25 ...
25-06-2022 12:27:20 | inkycal.modules.inkycal_stocks_v2 |  INFO: META ($)
25-06-2022 12:27:20 | inkycal.modules.inkycal_stocks_v2 |  INFO: 170.16 +11.41 +7.19%
25-06-2022 12:27:20 | inkycal.modules.inkycal_stocks_v2 |  INFO: 1d OHL: 161.73/170.25/161.30
25-06-2022 12:27:20 | inkycal.modules.inkycal_stocks_v2 |  INFO: 30d OHL: 191.24/205.46/154.25
25-06-2022 12:27:20 | inkycal.modules.inkycal_stocks_v2 |  INFO: creating chart data...
25-06-2022 12:27:20 | inkycal.modules.inkycal_stocks_v2 |  INFO: creating chart plot...
25-06-2022 12:27:20 | inkycal.modules.inkycal_stocks_v2 |  INFO: saving chart image to /tmp/inkycal_stocks/FB.png...
25-06-2022 12:27:20 | inkycal.modules.inkycal_stocks_v2 |  INFO: chartSpace is...364 100
25-06-2022 12:27:20 | inkycal.modules.inkycal_stocks_v2 |  INFO: open chart .../tmp/inkycal_stocks/FB.png
25-06-2022 12:27:20 | inkycal.modules.inkycal_stocks_v2 |  INFO: pasting chart image with index 0 to...0 0
25-06-2022 12:27:20 | __main__ |  INFO: #### SCRIPT END ####
25-06-2022 12:28:29 | __main__ |  INFO: ####  START ####
25-06-2022 12:28:29 | inkycal.modules.inkycal_stocks_v2 |  INFO: image size: 364 x 100 px
25-06-2022 12:28:30 | inkycal.modules.inkycal_stocks_v2 |  INFO: Connection test passed
25-06-2022 12:28:30 | inkycal.modules.inkycal_stocks_v2 |  INFO: preparing data for FB...
25-06-2022 12:28:33 | inkycal.modules.inkycal_stocks_v2 |  INFO: fetched 30 datapoints ...
25-06-2022 12:28:33 | inkycal.modules.inkycal_stocks_v2 |  INFO: firstQuote 191.24000549316406 ...
25-06-2022 12:28:33 | inkycal.modules.inkycal_stocks_v2 |  INFO: high 205.4600067138672 low 154.25 ...
25-06-2022 12:28:33 | inkycal.modules.inkycal_stocks_v2 |  INFO: META ($)
25-06-2022 12:28:33 | inkycal.modules.inkycal_stocks_v2 |  INFO: 170.16 +11.41 +7.19%
25-06-2022 12:28:33 | inkycal.modules.inkycal_stocks_v2 |  INFO: 1d OHL: 161.73/170.25/161.30
25-06-2022 12:28:33 | inkycal.modules.inkycal_stocks_v2 |  INFO: 30d OHL: 191.24/205.46/154.25
25-06-2022 12:28:33 | inkycal.modules.inkycal_stocks_v2 |  INFO: creating chart data...
25-06-2022 12:28:33 | inkycal.modules.inkycal_stocks_v2 |  INFO: creating chart plot...
25-06-2022 12:28:33 | inkycal.modules.inkycal_stocks_v2 |  INFO: saving chart image to /tmp/inkycal_stocks/FB.png...
25-06-2022 12:28:33 | inkycal.modules.inkycal_stocks_v2 |  INFO: chartSpace is...364 100
25-06-2022 12:28:33 | inkycal.modules.inkycal_stocks_v2 |  INFO: open chart .../tmp/inkycal_stocks/FB.png
25-06-2022 12:28:33 | inkycal.modules.inkycal_stocks_v2 |  INFO: pasting chart image with index 0 to...0 0
25-06-2022 12:28:33 | __main__ |  INFO: #### SCRIPT END ####
25-06-2022 12:29:02 | __main__ |  INFO: ####  START ####
25-06-2022 12:29:02 | inkycal.modules.inkycal_stocks_v2 |  INFO: image size: 364 x 100 px
25-06-2022 12:29:02 | inkycal.modules.inkycal_stocks_v2 |  INFO: Connection test passed
25-06-2022 12:29:02 | inkycal.modules.inkycal_stocks_v2 |  INFO: preparing data for FB...
25-06-2022 12:29:06 | inkycal.modules.inkycal_stocks_v2 |  INFO: fetched 30 datapoints ...
25-06-2022 12:29:06 | inkycal.modules.inkycal_stocks_v2 |  INFO: firstQuote 191.24000549316406 ...
25-06-2022 12:29:06 | inkycal.modules.inkycal_stocks_v2 |  INFO: high 205.4600067138672 low 154.25 ...
25-06-2022 12:29:06 | inkycal.modules.inkycal_stocks_v2 |  INFO: META ($)
25-06-2022 12:29:06 | inkycal.modules.inkycal_stocks_v2 |  INFO: 170.16 +11.41 +7.19%
25-06-2022 12:29:06 | inkycal.modules.inkycal_stocks_v2 |  INFO: 1d OHL: 161.73/170.25/161.30
25-06-2022 12:29:06 | inkycal.modules.inkycal_stocks_v2 |  INFO: 30d OHL: 191.24/205.46/154.25
25-06-2022 12:29:06 | inkycal.modules.inkycal_stocks_v2 |  INFO: creating chart data...
25-06-2022 12:29:06 | inkycal.modules.inkycal_stocks_v2 |  INFO: creating chart plot with 30 datapoints...
25-06-2022 12:29:06 | inkycal.modules.inkycal_stocks_v2 |  INFO: saving chart image to /tmp/inkycal_stocks/FB.png...
25-06-2022 12:29:06 | inkycal.modules.inkycal_stocks_v2 |  INFO: chartSpace is...364 100
25-06-2022 12:29:06 | inkycal.modules.inkycal_stocks_v2 |  INFO: open chart .../tmp/inkycal_stocks/FB.png
25-06-2022 12:29:06 | inkycal.modules.inkycal_stocks_v2 |  INFO: pasting chart image with index 0 to...0 0
25-06-2022 12:29:06 | __main__ |  INFO: #### SCRIPT END ####
25-06-2022 12:29:48 | __main__ |  INFO: ####  START ####
25-06-2022 12:29:48 | inkycal.modules.inkycal_stocks_v2 |  INFO: image size: 364 x 100 px
25-06-2022 12:29:49 | inkycal.modules.inkycal_stocks_v2 |  INFO: Connection test passed
25-06-2022 12:29:49 | inkycal.modules.inkycal_stocks_v2 |  INFO: preparing data for FB...
25-06-2022 12:29:52 | inkycal.modules.inkycal_stocks_v2 |  INFO: fetched 30 datapoints ...
25-06-2022 12:29:52 | inkycal.modules.inkycal_stocks_v2 |  INFO: firstQuote 191.24000549316406 ...
25-06-2022 12:29:52 | inkycal.modules.inkycal_stocks_v2 |  INFO: high 205.4600067138672 low 154.25 ...
25-06-2022 12:29:52 | inkycal.modules.inkycal_stocks_v2 |  INFO: META ($)
25-06-2022 12:29:52 | inkycal.modules.inkycal_stocks_v2 |  INFO: 170.16 +11.41 +7.19%
25-06-2022 12:29:52 | inkycal.modules.inkycal_stocks_v2 |  INFO: 1d OHL: 161.73/170.25/161.30
25-06-2022 12:29:52 | inkycal.modules.inkycal_stocks_v2 |  INFO: 30d OHL: 191.24/205.46/154.25
25-06-2022 12:29:52 | inkycal.modules.inkycal_stocks_v2 |  INFO: creating chart data...
25-06-2022 12:29:52 | inkycal.modules.inkycal_stocks_v2 |  INFO: creating chart plot...
25-06-2022 12:29:52 | inkycal.modules.inkycal_stocks_v2 |  INFO: saving chart image to /tmp/inkycal_stocks/FB.png...
25-06-2022 12:29:52 | inkycal.modules.inkycal_stocks_v2 |  INFO: chartSpace is...364 100
25-06-2022 12:29:52 | inkycal.modules.inkycal_stocks_v2 |  INFO: open chart .../tmp/inkycal_stocks/FB.png
25-06-2022 12:29:52 | inkycal.modules.inkycal_stocks_v2 |  INFO: pasting chart image with index 0 to...0 0
25-06-2022 12:29:52 | __main__ |  INFO: #### SCRIPT END ####
25-06-2022 12:30:12 | __main__ |  INFO: ####  START ####
25-06-2022 12:30:12 | inkycal.modules.inkycal_stocks_v2 |  INFO: image size: 364 x 100 px
25-06-2022 12:30:12 | inkycal.modules.inkycal_stocks_v2 |  INFO: Connection test passed
25-06-2022 12:30:12 | inkycal.modules.inkycal_stocks_v2 |  INFO: preparing data for FB...
25-06-2022 12:30:16 | inkycal.modules.inkycal_stocks_v2 |  INFO: fetched 30 datapoints ...
25-06-2022 12:30:16 | inkycal.modules.inkycal_stocks_v2 |  INFO: firstQuote 191.24000549316406 ...
25-06-2022 12:30:16 | inkycal.modules.inkycal_stocks_v2 |  INFO: high 205.4600067138672 low 154.25 ...
25-06-2022 12:30:16 | inkycal.modules.inkycal_stocks_v2 |  INFO: META ($)
25-06-2022 12:30:16 | inkycal.modules.inkycal_stocks_v2 |  INFO: 170.16 +11.41 +7.19%
25-06-2022 12:30:16 | inkycal.modules.inkycal_stocks_v2 |  INFO: 1d OHL: 161.73/170.25/161.30
25-06-2022 12:30:16 | inkycal.modules.inkycal_stocks_v2 |  INFO: 30d OHL: 191.24/205.46/154.25
25-06-2022 12:30:16 | inkycal.modules.inkycal_stocks_v2 |  INFO: creating chart data...
25-06-2022 12:30:16 | inkycal.modules.inkycal_stocks_v2 |  INFO: creating chart plot...
25-06-2022 12:30:16 | inkycal.modules.inkycal_stocks_v2 |  INFO: saving chart image to /tmp/inkycal_stocks/FB.png...
25-06-2022 12:30:16 | inkycal.modules.inkycal_stocks_v2 |  INFO: chartSpace is...364 100
25-06-2022 12:30:16 | inkycal.modules.inkycal_stocks_v2 |  INFO: open chart .../tmp/inkycal_stocks/FB.png
25-06-2022 12:30:16 | inkycal.modules.inkycal_stocks_v2 |  INFO: pasting chart image with index 0 to...0 0
25-06-2022 12:30:16 | __main__ |  INFO: #### SCRIPT END ####
25-06-2022 12:30:19 | __main__ |  INFO: ####  START ####
25-06-2022 12:30:19 | inkycal.modules.inkycal_stocks_v2 |  INFO: image size: 364 x 100 px
25-06-2022 12:30:19 | inkycal.modules.inkycal_stocks_v2 |  INFO: Connection test passed
25-06-2022 12:30:19 | inkycal.modules.inkycal_stocks_v2 |  INFO: preparing data for FB...
25-06-2022 12:30:22 | inkycal.modules.inkycal_stocks_v2 |  INFO: fetched 30 datapoints ...
25-06-2022 12:30:22 | inkycal.modules.inkycal_stocks_v2 |  INFO: firstQuote 191.24000549316406 ...
25-06-2022 12:30:22 | inkycal.modules.inkycal_stocks_v2 |  INFO: high 205.4600067138672 low 154.25 ...
25-06-2022 12:30:22 | inkycal.modules.inkycal_stocks_v2 |  INFO: META ($)
25-06-2022 12:30:22 | inkycal.modules.inkycal_stocks_v2 |  INFO: 170.16 +11.41 +7.19%
25-06-2022 12:30:22 | inkycal.modules.inkycal_stocks_v2 |  INFO: 1d OHL: 161.73/170.25/161.30
25-06-2022 12:30:22 | inkycal.modules.inkycal_stocks_v2 |  INFO: 30d OHL: 191.24/205.46/154.25
25-06-2022 12:30:22 | inkycal.modules.inkycal_stocks_v2 |  INFO: creating chart data...
25-06-2022 12:30:22 | inkycal.modules.inkycal_stocks_v2 |  INFO: creating chart plot...
25-06-2022 12:30:22 | inkycal.modules.inkycal_stocks_v2 |  INFO: saving chart image to /tmp/inkycal_stocks/FB.png...
25-06-2022 12:30:22 | inkycal.modules.inkycal_stocks_v2 |  INFO: chartSpace is...364 100
25-06-2022 12:30:22 | inkycal.modules.inkycal_stocks_v2 |  INFO: open chart .../tmp/inkycal_stocks/FB.png
25-06-2022 12:30:22 | inkycal.modules.inkycal_stocks_v2 |  INFO: pasting chart image with index 0 to...0 0
25-06-2022 12:30:22 | __main__ |  INFO: #### SCRIPT END ####
25-06-2022 12:30:28 | __main__ |  INFO: ####  START ####
25-06-2022 12:30:28 | inkycal.modules.inkycal_stocks_v2 |  INFO: image size: 364 x 100 px
25-06-2022 12:30:28 | inkycal.modules.inkycal_stocks_v2 |  INFO: Connection test passed
25-06-2022 12:30:28 | inkycal.modules.inkycal_stocks_v2 |  INFO: preparing data for FB...
25-06-2022 12:30:32 | inkycal.modules.inkycal_stocks_v2 |  INFO: fetched 30 datapoints ...
25-06-2022 12:30:32 | inkycal.modules.inkycal_stocks_v2 |  INFO: firstQuote 191.24000549316406 ...
25-06-2022 12:30:32 | inkycal.modules.inkycal_stocks_v2 |  INFO: high 205.4600067138672 low 154.25 ...
25-06-2022 12:30:32 | inkycal.modules.inkycal_stocks_v2 |  INFO: META ($)
25-06-2022 12:30:32 | inkycal.modules.inkycal_stocks_v2 |  INFO: 170.16 +11.41 +7.19%
25-06-2022 12:30:32 | inkycal.modules.inkycal_stocks_v2 |  INFO: 1d OHL: 161.73/170.25/161.30
25-06-2022 12:30:32 | inkycal.modules.inkycal_stocks_v2 |  INFO: 30d OHL: 191.24/205.46/154.25
25-06-2022 12:30:32 | inkycal.modules.inkycal_stocks_v2 |  INFO: creating chart data...
25-06-2022 12:30:32 | inkycal.modules.inkycal_stocks_v2 |  INFO: creating chart plot...
25-06-2022 12:30:32 | inkycal.modules.inkycal_stocks_v2 |  INFO: saving chart image to /tmp/inkycal_stocks/FB.png...
25-06-2022 12:30:32 | inkycal.modules.inkycal_stocks_v2 |  INFO: chartSpace is...364 100
25-06-2022 12:30:32 | inkycal.modules.inkycal_stocks_v2 |  INFO: open chart .../tmp/inkycal_stocks/FB.png
25-06-2022 12:30:32 | inkycal.modules.inkycal_stocks_v2 |  INFO: pasting chart image with index 0 to...0 0
25-06-2022 12:30:32 | __main__ |  INFO: #### SCRIPT END ####
25-06-2022 12:34:07 | __main__ |  INFO: ####  START ####
25-06-2022 12:34:07 | inkycal.modules.inkycal_stocks_v2 |  INFO: image size: 364 x 100 px
25-06-2022 12:34:08 | inkycal.modules.inkycal_stocks_v2 |  INFO: Connection test passed
25-06-2022 12:34:08 | inkycal.modules.inkycal_stocks_v2 |  INFO: preparing data for FB...
25-06-2022 12:34:11 | inkycal.modules.inkycal_stocks_v2 |  INFO: fetched 30 datapoints ...
25-06-2022 12:34:11 | inkycal.modules.inkycal_stocks_v2 |  INFO: firstQuote 191.24000549316406 ...
25-06-2022 12:34:11 | inkycal.modules.inkycal_stocks_v2 |  INFO: high 205.4600067138672 low 154.25 ...
25-06-2022 12:34:11 | inkycal.modules.inkycal_stocks_v2 |  INFO: META ($)
25-06-2022 12:34:11 | inkycal.modules.inkycal_stocks_v2 |  INFO: 170.16 +11.41 +7.19%
25-06-2022 12:34:11 | inkycal.modules.inkycal_stocks_v2 |  INFO: 1d OHL: 161.73/170.25/161.30
25-06-2022 12:34:11 | inkycal.modules.inkycal_stocks_v2 |  INFO: 30d OHL: 191.24/205.46/154.25
25-06-2022 12:34:11 | inkycal.modules.inkycal_stocks_v2 |  INFO: creating chart data...
25-06-2022 12:34:11 | inkycal.modules.inkycal_stocks_v2 |  INFO: creating chart plot...
25-06-2022 12:34:11 | inkycal.modules.inkycal_stocks_v2 |  INFO: saving chart image to /tmp/inkycal_stocks/FB.png...
25-06-2022 12:34:11 | inkycal.modules.inkycal_stocks_v2 |  INFO: chartSpace is...364 100
25-06-2022 12:34:11 | inkycal.modules.inkycal_stocks_v2 |  INFO: open chart .../tmp/inkycal_stocks/FB.png
25-06-2022 12:34:11 | inkycal.modules.inkycal_stocks_v2 |  INFO: pasting chart image with index 0 to...110 0
25-06-2022 12:34:11 | __main__ |  INFO: #### SCRIPT END ####
25-06-2022 12:34:16 | __main__ |  INFO: ####  START ####
25-06-2022 12:34:16 | inkycal.modules.inkycal_stocks_v2 |  INFO: image size: 364 x 100 px
25-06-2022 12:34:17 | inkycal.modules.inkycal_stocks_v2 |  INFO: Connection test passed
25-06-2022 12:34:17 | inkycal.modules.inkycal_stocks_v2 |  INFO: preparing data for FB...
25-06-2022 12:34:20 | inkycal.modules.inkycal_stocks_v2 |  INFO: fetched 30 datapoints ...
25-06-2022 12:34:20 | inkycal.modules.inkycal_stocks_v2 |  INFO: firstQuote 191.24000549316406 ...
25-06-2022 12:34:20 | inkycal.modules.inkycal_stocks_v2 |  INFO: high 205.4600067138672 low 154.25 ...
25-06-2022 12:34:20 | inkycal.modules.inkycal_stocks_v2 |  INFO: META ($)
25-06-2022 12:34:20 | inkycal.modules.inkycal_stocks_v2 |  INFO: 170.16 +11.41 +7.19%
25-06-2022 12:34:20 | inkycal.modules.inkycal_stocks_v2 |  INFO: 1d OHL: 161.73/170.25/161.30
25-06-2022 12:34:20 | inkycal.modules.inkycal_stocks_v2 |  INFO: 30d OHL: 191.24/205.46/154.25
25-06-2022 12:34:20 | inkycal.modules.inkycal_stocks_v2 |  INFO: creating chart data...
25-06-2022 12:34:20 | inkycal.modules.inkycal_stocks_v2 |  INFO: creating chart plot...
25-06-2022 12:34:20 | inkycal.modules.inkycal_stocks_v2 |  INFO: saving chart image to /tmp/inkycal_stocks/FB.png...
25-06-2022 12:34:20 | inkycal.modules.inkycal_stocks_v2 |  INFO: chartSpace is...364 100
25-06-2022 12:34:20 | inkycal.modules.inkycal_stocks_v2 |  INFO: open chart .../tmp/inkycal_stocks/FB.png
25-06-2022 12:34:20 | inkycal.modules.inkycal_stocks_v2 |  INFO: pasting chart image with index 0 to...73 0
25-06-2022 12:34:20 | __main__ |  INFO: #### SCRIPT END ####
25-06-2022 12:34:23 | __main__ |  INFO: ####  START ####
25-06-2022 12:34:23 | inkycal.modules.inkycal_stocks_v2 |  INFO: image size: 364 x 100 px
25-06-2022 12:34:23 | inkycal.modules.inkycal_stocks_v2 |  INFO: Connection test passed
25-06-2022 12:34:23 | inkycal.modules.inkycal_stocks_v2 |  INFO: preparing data for FB...
25-06-2022 12:34:27 | inkycal.modules.inkycal_stocks_v2 |  INFO: fetched 30 datapoints ...
25-06-2022 12:34:27 | inkycal.modules.inkycal_stocks_v2 |  INFO: firstQuote 191.24000549316406 ...
25-06-2022 12:34:27 | inkycal.modules.inkycal_stocks_v2 |  INFO: high 205.4600067138672 low 154.25 ...
25-06-2022 12:34:27 | inkycal.modules.inkycal_stocks_v2 |  INFO: META ($)
25-06-2022 12:34:27 | inkycal.modules.inkycal_stocks_v2 |  INFO: 170.16 +11.41 +7.19%
25-06-2022 12:34:27 | inkycal.modules.inkycal_stocks_v2 |  INFO: 1d OHL: 161.73/170.25/161.30
25-06-2022 12:34:27 | inkycal.modules.inkycal_stocks_v2 |  INFO: 30d OHL: 191.24/205.46/154.25
25-06-2022 12:34:27 | inkycal.modules.inkycal_stocks_v2 |  INFO: creating chart data...
25-06-2022 12:34:27 | inkycal.modules.inkycal_stocks_v2 |  INFO: creating chart plot...
25-06-2022 12:34:27 | inkycal.modules.inkycal_stocks_v2 |  INFO: saving chart image to /tmp/inkycal_stocks/FB.png...
25-06-2022 12:34:27 | inkycal.modules.inkycal_stocks_v2 |  INFO: chartSpace is...364 100
25-06-2022 12:34:27 | inkycal.modules.inkycal_stocks_v2 |  INFO: open chart .../tmp/inkycal_stocks/FB.png
25-06-2022 12:34:27 | inkycal.modules.inkycal_stocks_v2 |  INFO: pasting chart image with index 0 to...73 0
25-06-2022 12:34:27 | __main__ |  INFO: #### SCRIPT END ####
25-06-2022 12:34:36 | __main__ |  INFO: ####  START ####
25-06-2022 12:34:36 | inkycal.modules.inkycal_stocks_v2 |  INFO: image size: 364 x 100 px
25-06-2022 12:34:36 | inkycal.modules.inkycal_stocks_v2 |  INFO: Connection test passed
25-06-2022 12:34:36 | inkycal.modules.inkycal_stocks_v2 |  INFO: preparing data for FB...
25-06-2022 12:34:39 | inkycal.modules.inkycal_stocks_v2 |  INFO: fetched 30 datapoints ...
25-06-2022 12:34:39 | inkycal.modules.inkycal_stocks_v2 |  INFO: firstQuote 191.24000549316406 ...
25-06-2022 12:34:39 | inkycal.modules.inkycal_stocks_v2 |  INFO: high 205.4600067138672 low 154.25 ...
25-06-2022 12:34:39 | inkycal.modules.inkycal_stocks_v2 |  INFO: META ($)
25-06-2022 12:34:39 | inkycal.modules.inkycal_stocks_v2 |  INFO: 170.16 +11.41 +7.19%
25-06-2022 12:34:39 | inkycal.modules.inkycal_stocks_v2 |  INFO: 1d OHL: 161.73/170.25/161.30
25-06-2022 12:34:39 | inkycal.modules.inkycal_stocks_v2 |  INFO: 30d OHL: 191.24/205.46/154.25
25-06-2022 12:34:39 | inkycal.modules.inkycal_stocks_v2 |  INFO: creating chart data...
25-06-2022 12:34:39 | inkycal.modules.inkycal_stocks_v2 |  INFO: creating chart plot...
25-06-2022 12:34:39 | inkycal.modules.inkycal_stocks_v2 |  INFO: saving chart image to /tmp/inkycal_stocks/FB.png...
25-06-2022 12:34:39 | inkycal.modules.inkycal_stocks_v2 |  INFO: chartSpace is...364 100
25-06-2022 12:34:39 | inkycal.modules.inkycal_stocks_v2 |  INFO: open chart .../tmp/inkycal_stocks/FB.png
25-06-2022 12:34:39 | inkycal.modules.inkycal_stocks_v2 |  INFO: pasting chart image with index 0 to...37 0
25-06-2022 12:34:39 | __main__ |  INFO: #### SCRIPT END ####
25-06-2022 12:34:53 | __main__ |  INFO: ####  START ####
25-06-2022 12:34:53 | inkycal.modules.inkycal_stocks_v2 |  INFO: image size: 364 x 100 px
25-06-2022 12:34:54 | inkycal.modules.inkycal_stocks_v2 |  INFO: Connection test passed
25-06-2022 12:34:54 | inkycal.modules.inkycal_stocks_v2 |  INFO: preparing data for FB...
25-06-2022 12:34:57 | inkycal.modules.inkycal_stocks_v2 |  INFO: fetched 30 datapoints ...
25-06-2022 12:34:57 | inkycal.modules.inkycal_stocks_v2 |  INFO: firstQuote 191.24000549316406 ...
25-06-2022 12:34:57 | inkycal.modules.inkycal_stocks_v2 |  INFO: high 205.4600067138672 low 154.25 ...
25-06-2022 12:34:57 | inkycal.modules.inkycal_stocks_v2 |  INFO: META ($)
25-06-2022 12:34:57 | inkycal.modules.inkycal_stocks_v2 |  INFO: 170.16 +11.41 +7.19%
25-06-2022 12:34:57 | inkycal.modules.inkycal_stocks_v2 |  INFO: 1d OHL: 161.73/170.25/161.30
25-06-2022 12:34:57 | inkycal.modules.inkycal_stocks_v2 |  INFO: 30d OHL: 191.24/205.46/154.25
25-06-2022 12:34:57 | inkycal.modules.inkycal_stocks_v2 |  INFO: creating chart data...
25-06-2022 12:34:57 | inkycal.modules.inkycal_stocks_v2 |  INFO: creating chart plot...
25-06-2022 12:34:57 | inkycal.modules.inkycal_stocks_v2 |  INFO: saving chart image to /tmp/inkycal_stocks/FB.png...
25-06-2022 12:34:57 | inkycal.modules.inkycal_stocks_v2 |  INFO: chartSpace is...364 100
25-06-2022 12:34:57 | inkycal.modules.inkycal_stocks_v2 |  INFO: open chart .../tmp/inkycal_stocks/FB.png
25-06-2022 12:34:57 | inkycal.modules.inkycal_stocks_v2 |  INFO: pasting chart image with index 0 to...0 0
25-06-2022 12:34:57 | __main__ |  INFO: #### SCRIPT END ####
25-06-2022 12:35:45 | __main__ |  INFO: ####  START ####
25-06-2022 12:35:45 | inkycal.modules.inkycal_stocks_v2 |  INFO: image size: 364 x 100 px
25-06-2022 12:35:45 | inkycal.modules.inkycal_stocks_v2 |  INFO: Connection test passed
25-06-2022 12:35:45 | inkycal.modules.inkycal_stocks_v2 |  INFO: preparing data for FB...
25-06-2022 12:35:49 | inkycal.modules.inkycal_stocks_v2 |  INFO: fetched 30 datapoints ...
25-06-2022 12:35:49 | inkycal.modules.inkycal_stocks_v2 |  INFO: firstQuote 191.24000549316406 ...
25-06-2022 12:35:49 | inkycal.modules.inkycal_stocks_v2 |  INFO: high 205.4600067138672 low 154.25 ...
25-06-2022 12:35:49 | inkycal.modules.inkycal_stocks_v2 |  INFO: META ($)
25-06-2022 12:35:49 | inkycal.modules.inkycal_stocks_v2 |  INFO: 170.16 +11.41 +7.19%
25-06-2022 12:35:49 | inkycal.modules.inkycal_stocks_v2 |  INFO: 1d OHL: 161.73/170.25/161.30
25-06-2022 12:35:49 | inkycal.modules.inkycal_stocks_v2 |  INFO: 30d OHL: 191.24/205.46/154.25
25-06-2022 12:35:49 | inkycal.modules.inkycal_stocks_v2 |  INFO: creating chart data...
25-06-2022 12:35:49 | inkycal.modules.inkycal_stocks_v2 |  INFO: creating chart plot...
25-06-2022 12:35:49 | inkycal.modules.inkycal_stocks_v2 |  INFO: saving chart image to /tmp/inkycal_stocks/FB.png...
25-06-2022 12:35:49 | inkycal.modules.inkycal_stocks_v2 |  INFO: chartSpace is...364 100
25-06-2022 12:35:49 | inkycal.modules.inkycal_stocks_v2 |  INFO: open chart .../tmp/inkycal_stocks/FB.png
25-06-2022 12:35:49 | inkycal.modules.inkycal_stocks_v2 |  INFO: pasting chart image with index 0 to...50 0
25-06-2022 12:35:49 | __main__ |  INFO: #### SCRIPT END ####
25-06-2022 12:36:01 | __main__ |  INFO: ####  START ####
25-06-2022 12:36:01 | inkycal.modules.inkycal_stocks_v2 |  INFO: image size: 364 x 100 px
25-06-2022 12:36:01 | inkycal.modules.inkycal_stocks_v2 |  INFO: Connection test passed
25-06-2022 12:36:01 | inkycal.modules.inkycal_stocks_v2 |  INFO: preparing data for FB...
25-06-2022 12:36:05 | inkycal.modules.inkycal_stocks_v2 |  INFO: fetched 30 datapoints ...
25-06-2022 12:36:05 | inkycal.modules.inkycal_stocks_v2 |  INFO: firstQuote 191.24000549316406 ...
25-06-2022 12:36:05 | inkycal.modules.inkycal_stocks_v2 |  INFO: high 205.4600067138672 low 154.25 ...
25-06-2022 12:36:05 | inkycal.modules.inkycal_stocks_v2 |  INFO: META ($)
25-06-2022 12:36:05 | inkycal.modules.inkycal_stocks_v2 |  INFO: 170.16 +11.41 +7.19%
25-06-2022 12:36:05 | inkycal.modules.inkycal_stocks_v2 |  INFO: 1d OHL: 161.73/170.25/161.30
25-06-2022 12:36:05 | inkycal.modules.inkycal_stocks_v2 |  INFO: 30d OHL: 191.24/205.46/154.25
25-06-2022 12:36:05 | inkycal.modules.inkycal_stocks_v2 |  INFO: creating chart data...
25-06-2022 12:36:05 | inkycal.modules.inkycal_stocks_v2 |  INFO: creating chart plot...
25-06-2022 12:36:05 | inkycal.modules.inkycal_stocks_v2 |  INFO: saving chart image to /tmp/inkycal_stocks/FB.png...
25-06-2022 12:36:05 | inkycal.modules.inkycal_stocks_v2 |  INFO: chartSpace is...364 100
25-06-2022 12:36:05 | inkycal.modules.inkycal_stocks_v2 |  INFO: open chart .../tmp/inkycal_stocks/FB.png
25-06-2022 12:36:05 | inkycal.modules.inkycal_stocks_v2 |  INFO: pasting chart image with index 0 to...87 0
25-06-2022 12:36:05 | __main__ |  INFO: #### SCRIPT END ####
25-06-2022 12:36:12 | __main__ |  INFO: ####  START ####
25-06-2022 12:36:12 | inkycal.modules.inkycal_stocks_v2 |  INFO: image size: 364 x 100 px
25-06-2022 12:36:13 | inkycal.modules.inkycal_stocks_v2 |  INFO: Connection test passed
25-06-2022 12:36:13 | inkycal.modules.inkycal_stocks_v2 |  INFO: preparing data for FB...
25-06-2022 12:36:16 | inkycal.modules.inkycal_stocks_v2 |  INFO: fetched 30 datapoints ...
25-06-2022 12:36:16 | inkycal.modules.inkycal_stocks_v2 |  INFO: firstQuote 191.24000549316406 ...
25-06-2022 12:36:16 | inkycal.modules.inkycal_stocks_v2 |  INFO: high 205.4600067138672 low 154.25 ...
25-06-2022 12:36:16 | inkycal.modules.inkycal_stocks_v2 |  INFO: META ($)
25-06-2022 12:36:16 | inkycal.modules.inkycal_stocks_v2 |  INFO: 170.16 +11.41 +7.19%
25-06-2022 12:36:16 | inkycal.modules.inkycal_stocks_v2 |  INFO: 1d OHL: 161.73/170.25/161.30
25-06-2022 12:36:16 | inkycal.modules.inkycal_stocks_v2 |  INFO: 30d OHL: 191.24/205.46/154.25
25-06-2022 12:36:16 | inkycal.modules.inkycal_stocks_v2 |  INFO: creating chart data...
25-06-2022 12:36:16 | inkycal.modules.inkycal_stocks_v2 |  INFO: creating chart plot...
25-06-2022 12:36:16 | inkycal.modules.inkycal_stocks_v2 |  INFO: saving chart image to /tmp/inkycal_stocks/FB.png...
25-06-2022 12:36:16 | inkycal.modules.inkycal_stocks_v2 |  INFO: chartSpace is...364 100
25-06-2022 12:36:16 | inkycal.modules.inkycal_stocks_v2 |  INFO: open chart .../tmp/inkycal_stocks/FB.png
25-06-2022 12:36:16 | inkycal.modules.inkycal_stocks_v2 |  INFO: pasting chart image with index 0 to...47 0
25-06-2022 12:36:16 | __main__ |  INFO: #### SCRIPT END ####
25-06-2022 13:30:07 | __main__ |  INFO: ####  START ####
25-06-2022 13:30:07 | inkycal.modules.inkycal_stocks_v2 |  INFO: image size: 364 x 100 px
25-06-2022 13:30:07 | inkycal.modules.inkycal_stocks_v2 |  INFO: Connection test passed
25-06-2022 13:30:07 | inkycal.modules.inkycal_stocks_v2 |  INFO: preparing data for FB...
25-06-2022 13:30:11 | inkycal.modules.inkycal_stocks_v2 |  INFO: fetched 30 datapoints ...
25-06-2022 13:30:11 | inkycal.modules.inkycal_stocks_v2 |  INFO: firstQuote 191.24000549316406 ...
25-06-2022 13:30:11 | inkycal.modules.inkycal_stocks_v2 |  INFO: high 205.4600067138672 low 154.25 ...
25-06-2022 13:30:11 | inkycal.modules.inkycal_stocks_v2 |  INFO: META ($)
25-06-2022 13:30:11 | inkycal.modules.inkycal_stocks_v2 |  INFO: 170.16 +11.41 +7.19%
25-06-2022 13:30:11 | inkycal.modules.inkycal_stocks_v2 |  INFO: 1d OHL: 161.73/170.25/161.30
25-06-2022 13:30:11 | inkycal.modules.inkycal_stocks_v2 |  INFO: 30d OHL: 191.24/205.46/154.25
25-06-2022 13:30:18 | __main__ |  INFO: ####  START ####
25-06-2022 13:30:18 | inkycal.modules.inkycal_stocks_v2 |  INFO: image size: 364 x 100 px
25-06-2022 13:30:18 | inkycal.modules.inkycal_stocks_v2 |  INFO: Connection test passed
25-06-2022 13:30:18 | inkycal.modules.inkycal_stocks_v2 |  INFO: preparing data for FB...
25-06-2022 13:30:22 | inkycal.modules.inkycal_stocks_v2 |  INFO: fetched 30 datapoints ...
25-06-2022 13:30:22 | inkycal.modules.inkycal_stocks_v2 |  INFO: firstQuote 191.24000549316406 ...
25-06-2022 13:30:22 | inkycal.modules.inkycal_stocks_v2 |  INFO: high 205.4600067138672 low 154.25 ...
25-06-2022 13:30:22 | inkycal.modules.inkycal_stocks_v2 |  INFO: META ($)
25-06-2022 13:30:22 | inkycal.modules.inkycal_stocks_v2 |  INFO: 170.16 +11.41 +7.19%
25-06-2022 13:30:22 | inkycal.modules.inkycal_stocks_v2 |  INFO: 1d OHL: 161.73/170.25/161.30
25-06-2022 13:30:22 | inkycal.modules.inkycal_stocks_v2 |  INFO: 30d OHL: 191.24/205.46/154.25
25-06-2022 13:30:48 | __main__ |  INFO: ####  START ####
25-06-2022 13:30:48 | inkycal.modules.inkycal_stocks_v2 |  INFO: image size: 364 x 100 px
25-06-2022 13:30:48 | inkycal.modules.inkycal_stocks_v2 |  INFO: Connection test passed
25-06-2022 13:30:48 | inkycal.modules.inkycal_stocks_v2 |  INFO: preparing data for FB...
25-06-2022 13:30:52 | inkycal.modules.inkycal_stocks_v2 |  INFO: fetched 30 datapoints ...
25-06-2022 13:30:52 | inkycal.modules.inkycal_stocks_v2 |  INFO: firstQuote 191.24000549316406 ...
25-06-2022 13:30:52 | inkycal.modules.inkycal_stocks_v2 |  INFO: high 205.4600067138672 low 154.25 ...
25-06-2022 13:30:52 | inkycal.modules.inkycal_stocks_v2 |  INFO: META ($)
25-06-2022 13:30:52 | inkycal.modules.inkycal_stocks_v2 |  INFO: 170.16 +11.41 +7.19%
25-06-2022 13:30:52 | inkycal.modules.inkycal_stocks_v2 |  INFO: 1d OHL: 161.73/170.25/161.30
25-06-2022 13:30:52 | inkycal.modules.inkycal_stocks_v2 |  INFO: 30d OHL: 191.24/205.46/154.25
25-06-2022 13:30:52 | inkycal.modules.inkycal_stocks_v2 |  INFO: creating chart data...
25-06-2022 13:30:52 | inkycal.modules.inkycal_stocks_v2 |  INFO: creating chart plot...
25-06-2022 13:30:52 | inkycal.modules.inkycal_stocks_v2 |  INFO: saving chart image to /tmp/inkycal_stocks/FB.png...
25-06-2022 13:30:52 | inkycal.modules.inkycal_stocks_v2 |  INFO: chartSpace is...364 100
25-06-2022 13:30:52 | inkycal.modules.inkycal_stocks_v2 |  INFO: open chart .../tmp/inkycal_stocks/FB.png
25-06-2022 13:30:52 | inkycal.modules.inkycal_stocks_v2 |  INFO: pasting chart image with index 0 to...47 0
25-06-2022 13:30:52 | inkycal.modules.inkycal_stocks_v2 |  ERROR: Ran out of lines for parsed_ticker_colour
25-06-2022 13:30:52 | __main__ |  INFO: #### SCRIPT END ####
25-06-2022 13:31:15 | __main__ |  INFO: ####  START ####
25-06-2022 13:31:15 | inkycal.modules.inkycal_stocks_v2 |  INFO: image size: 364 x 100 px
25-06-2022 13:31:15 | inkycal.modules.inkycal_stocks_v2 |  INFO: Connection test passed
25-06-2022 13:31:15 | inkycal.modules.inkycal_stocks_v2 |  INFO: preparing data for FB...
25-06-2022 13:31:19 | inkycal.modules.inkycal_stocks_v2 |  INFO: fetched 30 datapoints ...
25-06-2022 13:31:19 | inkycal.modules.inkycal_stocks_v2 |  INFO: firstQuote 191.24000549316406 ...
25-06-2022 13:31:19 | inkycal.modules.inkycal_stocks_v2 |  INFO: high 205.4600067138672 low 154.25 ...
25-06-2022 13:31:19 | inkycal.modules.inkycal_stocks_v2 |  INFO: META ($)
25-06-2022 13:31:19 | inkycal.modules.inkycal_stocks_v2 |  INFO: 170.16 +11.41 +7.19%
25-06-2022 13:31:19 | inkycal.modules.inkycal_stocks_v2 |  INFO: 1d OHL: 161.73/170.25/161.30
25-06-2022 13:31:19 | inkycal.modules.inkycal_stocks_v2 |  INFO: 30d OHL: 191.24/205.46/154.25
25-06-2022 13:31:19 | inkycal.modules.inkycal_stocks_v2 |  INFO: creating chart data...
25-06-2022 13:31:19 | inkycal.modules.inkycal_stocks_v2 |  INFO: creating chart plot...
25-06-2022 13:31:19 | inkycal.modules.inkycal_stocks_v2 |  INFO: saving chart image to /tmp/inkycal_stocks/FB.png...
25-06-2022 13:31:19 | inkycal.modules.inkycal_stocks_v2 |  INFO: chartSpace is...364 100
25-06-2022 13:31:19 | inkycal.modules.inkycal_stocks_v2 |  INFO: open chart .../tmp/inkycal_stocks/FB.png
25-06-2022 13:31:19 | inkycal.modules.inkycal_stocks_v2 |  INFO: pasting chart image with index 0 to...47 0
25-06-2022 13:31:19 | inkycal.modules.inkycal_stocks_v2 |  ERROR: Ran out of lines for parsed_ticker_colour
25-06-2022 13:31:19 | __main__ |  INFO: #### SCRIPT END ####
25-06-2022 13:31:25 | __main__ |  INFO: ####  START ####
25-06-2022 13:31:25 | inkycal.modules.inkycal_stocks_v2 |  INFO: image size: 364 x 100 px
25-06-2022 13:31:25 | inkycal.modules.inkycal_stocks_v2 |  INFO: Connection test passed
25-06-2022 13:31:25 | inkycal.modules.inkycal_stocks_v2 |  INFO: preparing data for FB...
25-06-2022 13:31:29 | inkycal.modules.inkycal_stocks_v2 |  INFO: fetched 30 datapoints ...
25-06-2022 13:31:29 | inkycal.modules.inkycal_stocks_v2 |  INFO: firstQuote 191.24000549316406 ...
25-06-2022 13:31:29 | inkycal.modules.inkycal_stocks_v2 |  INFO: high 205.4600067138672 low 154.25 ...
25-06-2022 13:31:29 | inkycal.modules.inkycal_stocks_v2 |  INFO: META ($)
25-06-2022 13:31:29 | inkycal.modules.inkycal_stocks_v2 |  INFO: 170.16 +11.41 +7.19%
25-06-2022 13:31:29 | inkycal.modules.inkycal_stocks_v2 |  INFO: 1d OHL: 161.73/170.25/161.30
25-06-2022 13:31:29 | inkycal.modules.inkycal_stocks_v2 |  INFO: 30d OHL: 191.24/205.46/154.25
25-06-2022 13:31:29 | inkycal.modules.inkycal_stocks_v2 |  INFO: creating chart data...
25-06-2022 13:31:29 | inkycal.modules.inkycal_stocks_v2 |  INFO: creating chart plot...
25-06-2022 13:31:29 | inkycal.modules.inkycal_stocks_v2 |  INFO: saving chart image to /tmp/inkycal_stocks/FB.png...
25-06-2022 13:31:29 | inkycal.modules.inkycal_stocks_v2 |  INFO: chartSpace is...364 100
25-06-2022 13:31:29 | inkycal.modules.inkycal_stocks_v2 |  INFO: open chart .../tmp/inkycal_stocks/FB.png
25-06-2022 13:31:29 | inkycal.modules.inkycal_stocks_v2 |  INFO: pasting chart image with index 0 to...47 0
25-06-2022 13:31:29 | inkycal.modules.inkycal_stocks_v2 |  ERROR: Ran out of lines for parsed_ticker_colour
25-06-2022 13:31:29 | __main__ |  INFO: #### SCRIPT END ####
